
  .   ____          _            __ _ _
 /\\ / ___'_ __ _ _(_)_ __  __ _ \ \ \ \
( ( )\___ | '_ | '_| | '_ \/ _` | \ \ \ \
 \\/  ___)| |_)| | | | | || (_| |  ) ) ) )
  '  |____| .__|_| |_|_| |_\__, | / / / /
 =========|_|==============|___/=/_/_/_/
 :: Spring Boot ::               (v2.7.17)

2025-11-22 19:07:14.509  INFO 4300 --- [           main] c.e.c.CalificacionesApplication          : Starting CalificacionesApplication v0.0.1-SNAPSHOT using Java 11.0.29 on Inxkls with PID 4300 (C:\Users\PC PRIDE WHITE WOLF\OneDrive\Escritorio\calificaciones\target\calificaciones-0.0.1-SNAPSHOT.jar started by PC PRIDE WHITE WOLF in C:\Users\PC PRIDE WHITE WOLF\OneDrive\Escritorio\calificaciones)
2025-11-22 19:07:14.521  INFO 4300 --- [           main] c.e.c.CalificacionesApplication          : No active profile set, falling back to 1 default profile: "default"
2025-11-22 19:07:15.113  INFO 4300 --- [           main] .s.d.r.c.RepositoryConfigurationDelegate : Bootstrapping Spring Data JPA repositories in DEFAULT mode.
2025-11-22 19:07:15.163  INFO 4300 --- [           main] .s.d.r.c.RepositoryConfigurationDelegate : Finished Spring Data repository scanning in 41 ms. Found 2 JPA repository interfaces.
2025-11-22 19:07:15.979  INFO 4300 --- [           main] o.s.b.w.embedded.tomcat.TomcatWebServer  : Tomcat initialized with port(s): 9090 (http)
2025-11-22 19:07:16.015  INFO 4300 --- [           main] o.apache.catalina.core.StandardService   : Starting service [Tomcat]
2025-11-22 19:07:16.017  INFO 4300 --- [           main] org.apache.catalina.core.StandardEngine  : Starting Servlet engine: [Apache Tomcat/9.0.82]
2025-11-22 19:07:16.108  INFO 4300 --- [           main] o.a.c.c.C.[Tomcat].[localhost].[/]       : Initializing Spring embedded WebApplicationContext
2025-11-22 19:07:16.108  INFO 4300 --- [           main] w.s.c.ServletWebServerApplicationContext : Root WebApplicationContext: initialization completed in 1540 ms
2025-11-22 19:07:16.307  INFO 4300 --- [           main] o.hibernate.jpa.internal.util.LogHelper  : HHH000204: Processing PersistenceUnitInfo [name: default]
2025-11-22 19:07:16.358  INFO 4300 --- [           main] org.hibernate.Version                    : HHH000412: Hibernate ORM core version 5.6.15.Final
2025-11-22 19:07:16.493  INFO 4300 --- [           main] o.hibernate.annotations.common.Version   : HCANN000001: Hibernate Commons Annotations {5.1.2.Final}
2025-11-22 19:07:16.582  INFO 4300 --- [           main] com.zaxxer.hikari.HikariDataSource       : HikariPool-1 - Starting...
2025-11-22 19:07:16.878  INFO 4300 --- [           main] com.zaxxer.hikari.HikariDataSource       : HikariPool-1 - Start completed.
2025-11-22 19:07:16.894  INFO 4300 --- [           main] org.hibernate.dialect.Dialect            : HHH000400: Using dialect: org.hibernate.dialect.MySQL8Dialect
2025-11-22 19:07:17.534  INFO 4300 --- [           main] o.h.e.t.j.p.i.JtaPlatformInitiator       : HHH000490: Using JtaPlatform implementation: [org.hibernate.engine.transaction.jta.platform.internal.NoJtaPlatform]
2025-11-22 19:07:17.544  INFO 4300 --- [           main] j.LocalContainerEntityManagerFactoryBean : Initialized JPA EntityManagerFactory for persistence unit 'default'
2025-11-22 19:07:17.973  WARN 4300 --- [           main] JpaBaseConfiguration$JpaWebConfiguration : spring.jpa.open-in-view is enabled by default. Therefore, database queries may be performed during view rendering. Explicitly configure spring.jpa.open-in-view to disable this warning
2025-11-22 19:07:18.383  INFO 4300 --- [           main] o.s.b.w.embedded.tomcat.TomcatWebServer  : Tomcat started on port(s): 9090 (http) with context path ''
2025-11-22 19:07:18.393  INFO 4300 --- [           main] c.e.c.CalificacionesApplication          : Started CalificacionesApplication in 4.372 seconds (JVM running for 4.836)
